<?xml version="1.0" encoding="UTF-8"?>
<testsuite name="com.example.rqchallenge.employees.services.EmployeeServiceTest" tests="6" skipped="0" failures="0" errors="0" timestamp="2024-09-12T12:18:25" hostname="DESKTOP-CF2R524" time="0.287">
  <properties/>
  <testcase name="createNewEmployee()" classname="com.example.rqchallenge.employees.services.EmployeeServiceTest" time="0.225"/>
  <testcase name="getEmployeeByIdSearch()" classname="com.example.rqchallenge.employees.services.EmployeeServiceTest" time="0.014"/>
  <testcase name="getAllEmployees()" classname="com.example.rqchallenge.employees.services.EmployeeServiceTest" time="0.01"/>
  <testcase name="deleteEmployeeById()" classname="com.example.rqchallenge.employees.services.EmployeeServiceTest" time="0.005"/>
  <testcase name="getEmployeesBySalaryOrdering()" classname="com.example.rqchallenge.employees.services.EmployeeServiceTest" time="0.008"/>
  <testcase name="getEmployeesByNameSearch()" classname="com.example.rqchallenge.employees.services.EmployeeServiceTest" time="0.021"/>
  <system-out><![CDATA[2024-09-12 17:48:26.009  INFO 25780 --- [    Test worker] c.e.r.e.services.EmployeeService         : createNewEmployee:EmployeeServiceDto{status='Success', data=EmployeeDto{id='', name='abc', salary='2345', age='35', image=''}, message='null'}
2024-09-12 17:48:26.017 ERROR 25780 --- [    Test worker] c.e.r.e.services.EmployeeService         : createNewEmployee:

org.springframework.web.client.HttpServerErrorException: null

2024-09-12 17:48:26.033  INFO 25780 --- [    Test worker] c.e.r.e.services.EmployeeService         : getEmployeeByIdSearch:EmployeeServiceDto{status='Success', data=EmployeeDto{id='1', name='Tiger', salary='', age='', image=''}, message='All records retrieved!'}
2024-09-12 17:48:26.033  INFO 25780 --- [    Test worker] c.e.r.e.services.EmployeeService         : getEmployeeByIdSearch:EmployeeServiceDto{status='Success', data=null, message='All records retrieved!'}
2024-09-12 17:48:26.033  INFO 25780 --- [    Test worker] c.e.r.e.services.EmployeeService         : getEmployeeByIdSearch:EmployeeServiceDto{status='Success', data=EmployeeDto{id='1', name='Tiger', salary='', age='', image=''}, message='All records retrieved!'}
2024-09-12 17:48:26.033  INFO 25780 --- [    Test worker] c.e.r.e.services.EmployeeService         : getEmployeeByIdSearch:EmployeeServiceDto{status='Success', data=null, message='All records retrieved!'}
2024-09-12 17:48:26.049  INFO 25780 --- [    Test worker] c.e.r.e.services.EmployeeService         : getAllEmployees:EmployeeServiceDto{status='Success', data=[EmployeeDto{id='1', name='Tiger Nixon', salary='320800', age='61', image=''}, EmployeeDto{id='2', name='Garrett Winters', salary='170750', age='63', image=''}], message='All messages are retrieved'}
2024-09-12 17:48:26.049  INFO 25780 --- [    Test worker] c.e.r.e.services.EmployeeService         : getAllEmployees:EmployeeServiceDto{status='Success', data=null, message='All messages are retrieved'}
2024-09-12 17:48:26.049 ERROR 25780 --- [    Test worker] c.e.r.e.services.EmployeeService         : getAllEmployees:

org.springframework.web.client.HttpServerErrorException: null

2024-09-12 17:48:26.049 ERROR 25780 --- [    Test worker] c.e.r.e.services.EmployeeService         : deleteEmployeeById:

org.springframework.web.client.HttpServerErrorException: null

2024-09-12 17:48:26.064  INFO 25780 --- [    Test worker] c.e.r.e.services.EmployeeService         : getAllEmployees:EmployeeServiceDto{status='Success', data=[EmployeeDto{id='1', name='Tiger Nixon', salary='32800', age='61', image=''}, EmployeeDto{id='2', name='Garrett Winters', salary='170750', age='63', image=''}], message='All records retrieved'}
2024-09-12 17:48:26.064 ERROR 25780 --- [    Test worker] c.e.r.e.services.EmployeeService         : getAllEmployees:

org.springframework.web.client.HttpServerErrorException: null

2024-09-12 17:48:26.064 ERROR 25780 --- [    Test worker] c.e.r.e.services.EmployeeService         : getAllEmployees:

java.lang.NullPointerException: Cannot invoke "com.example.rqchallenge.employees.dtos.EmployeeServiceDto.toString()" because "response" is null
	at com.example.rqchallenge.employees.services.EmployeeService.getAllEmployees(EmployeeService.java:72) ~[main/:na]
	at com.example.rqchallenge.employees.services.EmployeeService.getEmployeesByNameSearch(EmployeeService.java:85) ~[main/:na]
	at com.example.rqchallenge.employees.services.EmployeeServiceTest.lambda$getEmployeesByNameSearch$5(EmployeeServiceTest.java:106) ~[test/:na]
	at org.junit.jupiter.api.AssertThrows.assertThrows(AssertThrows.java:55) ~[junit-jupiter-api-5.8.1.jar:5.8.1]
	at org.junit.jupiter.api.AssertThrows.assertThrows(AssertThrows.java:41) ~[junit-jupiter-api-5.8.1.jar:5.8.1]
	at org.junit.jupiter.api.Assertions.assertThrows(Assertions.java:3098) ~[junit-jupiter-api-5.8.1.jar:5.8.1]
	at com.example.rqchallenge.employees.services.EmployeeServiceTest.getEmployeesByNameSearch(EmployeeServiceTest.java:105) ~[test/:na]
	at java.base/jdk.internal.reflect.NativeMethodAccessorImpl.invoke0(Native Method) ~[na:na]
	at java.base/jdk.internal.reflect.NativeMethodAccessorImpl.invoke(NativeMethodAccessorImpl.java:77) ~[na:na]
	at java.base/jdk.internal.reflect.DelegatingMethodAccessorImpl.invoke(DelegatingMethodAccessorImpl.java:43) ~[na:na]
	at java.base/java.lang.reflect.Method.invoke(Method.java:568) ~[na:na]
	at org.junit.platform.commons.util.ReflectionUtils.invokeMethod(ReflectionUtils.java:725) ~[junit-platform-commons-1.8.1.jar:1.8.1]
	at org.junit.jupiter.engine.execution.MethodInvocation.proceed(MethodInvocation.java:60) ~[junit-jupiter-engine-5.8.1.jar:5.8.1]
	at org.junit.jupiter.engine.execution.InvocationInterceptorChain$ValidatingInvocation.proceed(InvocationInterceptorChain.java:131) ~[junit-jupiter-engine-5.8.1.jar:5.8.1]
	at org.junit.jupiter.engine.extension.TimeoutExtension.intercept(TimeoutExtension.java:149) ~[junit-jupiter-engine-5.8.1.jar:5.8.1]
	at org.junit.jupiter.engine.extension.TimeoutExtension.interceptTestableMethod(TimeoutExtension.java:140) ~[junit-jupiter-engine-5.8.1.jar:5.8.1]
	at org.junit.jupiter.engine.extension.TimeoutExtension.interceptTestMethod(TimeoutExtension.java:84) ~[junit-jupiter-engine-5.8.1.jar:5.8.1]
	at org.junit.jupiter.engine.execution.ExecutableInvoker$ReflectiveInterceptorCall.lambda$ofVoidMethod$0(ExecutableInvoker.java:115) ~[junit-jupiter-engine-5.8.1.jar:5.8.1]
	at org.junit.jupiter.engine.execution.ExecutableInvoker.lambda$invoke$0(ExecutableInvoker.java:105) ~[junit-jupiter-engine-5.8.1.jar:5.8.1]
	at org.junit.jupiter.engine.execution.InvocationInterceptorChain$InterceptedInvocation.proceed(InvocationInterceptorChain.java:106) ~[junit-jupiter-engine-5.8.1.jar:5.8.1]
	at org.junit.jupiter.engine.execution.InvocationInterceptorChain.proceed(InvocationInterceptorChain.java:64) ~[junit-jupiter-engine-5.8.1.jar:5.8.1]
	at org.junit.jupiter.engine.execution.InvocationInterceptorChain.chainAndInvoke(InvocationInterceptorChain.java:45) ~[junit-jupiter-engine-5.8.1.jar:5.8.1]
	at org.junit.jupiter.engine.execution.InvocationInterceptorChain.invoke(InvocationInterceptorChain.java:37) ~[junit-jupiter-engine-5.8.1.jar:5.8.1]
	at org.junit.jupiter.engine.execution.ExecutableInvoker.invoke(ExecutableInvoker.java:104) ~[junit-jupiter-engine-5.8.1.jar:5.8.1]
	at org.junit.jupiter.engine.execution.ExecutableInvoker.invoke(ExecutableInvoker.java:98) ~[junit-jupiter-engine-5.8.1.jar:5.8.1]
	at org.junit.jupiter.engine.descriptor.TestMethodTestDescriptor.lambda$invokeTestMethod$7(TestMethodTestDescriptor.java:214) ~[junit-jupiter-engine-5.8.1.jar:5.8.1]
	at org.junit.platform.engine.support.hierarchical.ThrowableCollector.execute(ThrowableCollector.java:73) ~[junit-platform-engine-1.8.1.jar:1.8.1]
	at org.junit.jupiter.engine.descriptor.TestMethodTestDescriptor.invokeTestMethod(TestMethodTestDescriptor.java:210) ~[junit-jupiter-engine-5.8.1.jar:5.8.1]
	at org.junit.jupiter.engine.descriptor.TestMethodTestDescriptor.execute(TestMethodTestDescriptor.java:135) ~[junit-jupiter-engine-5.8.1.jar:5.8.1]
	at org.junit.jupiter.engine.descriptor.TestMethodTestDescriptor.execute(TestMethodTestDescriptor.java:66) ~[junit-jupiter-engine-5.8.1.jar:5.8.1]
	at org.junit.platform.engine.support.hierarchical.NodeTestTask.lambda$executeRecursively$6(NodeTestTask.java:151) ~[junit-platform-engine-1.8.1.jar:1.8.1]
	at org.junit.platform.engine.support.hierarchical.ThrowableCollector.execute(ThrowableCollector.java:73) ~[junit-platform-engine-1.8.1.jar:1.8.1]
	at org.junit.platform.engine.support.hierarchical.NodeTestTask.lambda$executeRecursively$8(NodeTestTask.java:141) ~[junit-platform-engine-1.8.1.jar:1.8.1]
	at org.junit.platform.engine.support.hierarchical.Node.around(Node.java:137) ~[junit-platform-engine-1.8.1.jar:1.8.1]
	at org.junit.platform.engine.support.hierarchical.NodeTestTask.lambda$executeRecursively$9(NodeTestTask.java:139) ~[junit-platform-engine-1.8.1.jar:1.8.1]
	at org.junit.platform.engine.support.hierarchical.ThrowableCollector.execute(ThrowableCollector.java:73) ~[junit-platform-engine-1.8.1.jar:1.8.1]
	at org.junit.platform.engine.support.hierarchical.NodeTestTask.executeRecursively(NodeTestTask.java:138) ~[junit-platform-engine-1.8.1.jar:1.8.1]
	at org.junit.platform.engine.support.hierarchical.NodeTestTask.execute(NodeTestTask.java:95) ~[junit-platform-engine-1.8.1.jar:1.8.1]
	at java.base/java.util.ArrayList.forEach(ArrayList.java:1511) ~[na:na]
	at org.junit.platform.engine.support.hierarchical.SameThreadHierarchicalTestExecutorService.invokeAll(SameThreadHierarchicalTestExecutorService.java:41) ~[junit-platform-engine-1.8.1.jar:1.8.1]
	at org.junit.platform.engine.support.hierarchical.NodeTestTask.lambda$executeRecursively$6(NodeTestTask.java:155) ~[junit-platform-engine-1.8.1.jar:1.8.1]
	at org.junit.platform.engine.support.hierarchical.ThrowableCollector.execute(ThrowableCollector.java:73) ~[junit-platform-engine-1.8.1.jar:1.8.1]
	at org.junit.platform.engine.support.hierarchical.NodeTestTask.lambda$executeRecursively$8(NodeTestTask.java:141) ~[junit-platform-engine-1.8.1.jar:1.8.1]
	at org.junit.platform.engine.support.hierarchical.Node.around(Node.java:137) ~[junit-platform-engine-1.8.1.jar:1.8.1]
	at org.junit.platform.engine.support.hierarchical.NodeTestTask.lambda$executeRecursively$9(NodeTestTask.java:139) ~[junit-platform-engine-1.8.1.jar:1.8.1]
	at org.junit.platform.engine.support.hierarchical.ThrowableCollector.execute(ThrowableCollector.java:73) ~[junit-platform-engine-1.8.1.jar:1.8.1]
	at org.junit.platform.engine.support.hierarchical.NodeTestTask.executeRecursively(NodeTestTask.java:138) ~[junit-platform-engine-1.8.1.jar:1.8.1]
	at org.junit.platform.engine.support.hierarchical.NodeTestTask.execute(NodeTestTask.java:95) ~[junit-platform-engine-1.8.1.jar:1.8.1]
	at java.base/java.util.ArrayList.forEach(ArrayList.java:1511) ~[na:na]
	at org.junit.platform.engine.support.hierarchical.SameThreadHierarchicalTestExecutorService.invokeAll(SameThreadHierarchicalTestExecutorService.java:41) ~[junit-platform-engine-1.8.1.jar:1.8.1]
	at org.junit.platform.engine.support.hierarchical.NodeTestTask.lambda$executeRecursively$6(NodeTestTask.java:155) ~[junit-platform-engine-1.8.1.jar:1.8.1]
	at org.junit.platform.engine.support.hierarchical.ThrowableCollector.execute(ThrowableCollector.java:73) ~[junit-platform-engine-1.8.1.jar:1.8.1]
	at org.junit.platform.engine.support.hierarchical.NodeTestTask.lambda$executeRecursively$8(NodeTestTask.java:141) ~[junit-platform-engine-1.8.1.jar:1.8.1]
	at org.junit.platform.engine.support.hierarchical.Node.around(Node.java:137) ~[junit-platform-engine-1.8.1.jar:1.8.1]
	at org.junit.platform.engine.support.hierarchical.NodeTestTask.lambda$executeRecursively$9(NodeTestTask.java:139) ~[junit-platform-engine-1.8.1.jar:1.8.1]
	at org.junit.platform.engine.support.hierarchical.ThrowableCollector.execute(ThrowableCollector.java:73) ~[junit-platform-engine-1.8.1.jar:1.8.1]
	at org.junit.platform.engine.support.hierarchical.NodeTestTask.executeRecursively(NodeTestTask.java:138) ~[junit-platform-engine-1.8.1.jar:1.8.1]
	at org.junit.platform.engine.support.hierarchical.NodeTestTask.execute(NodeTestTask.java:95) ~[junit-platform-engine-1.8.1.jar:1.8.1]
	at org.junit.platform.engine.support.hierarchical.SameThreadHierarchicalTestExecutorService.submit(SameThreadHierarchicalTestExecutorService.java:35) ~[junit-platform-engine-1.8.1.jar:1.8.1]
	at org.junit.platform.engine.support.hierarchical.HierarchicalTestExecutor.execute(HierarchicalTestExecutor.java:57) ~[junit-platform-engine-1.8.1.jar:1.8.1]
	at org.junit.platform.engine.support.hierarchical.HierarchicalTestEngine.execute(HierarchicalTestEngine.java:54) ~[junit-platform-engine-1.8.1.jar:1.8.1]
	at org.junit.platform.launcher.core.EngineExecutionOrchestrator.execute(EngineExecutionOrchestrator.java:108) ~[na:na]
	at org.junit.platform.launcher.core.EngineExecutionOrchestrator.execute(EngineExecutionOrchestrator.java:88) ~[na:na]
	at org.junit.platform.launcher.core.EngineExecutionOrchestrator.lambda$execute$0(EngineExecutionOrchestrator.java:54) ~[na:na]
	at org.junit.platform.launcher.core.EngineExecutionOrchestrator.withInterceptedStreams(EngineExecutionOrchestrator.java:67) ~[na:na]
	at org.junit.platform.launcher.core.EngineExecutionOrchestrator.execute(EngineExecutionOrchestrator.java:52) ~[na:na]
	at org.junit.platform.launcher.core.DefaultLauncher.execute(DefaultLauncher.java:96) ~[na:na]
	at org.junit.platform.launcher.core.DefaultLauncher.execute(DefaultLauncher.java:75) ~[na:na]
	at org.gradle.api.internal.tasks.testing.junitplatform.JUnitPlatformTestClassProcessor$CollectAllTestClassesExecutor.processAllTestClasses(JUnitPlatformTestClassProcessor.java:99) ~[na:na]
	at org.gradle.api.internal.tasks.testing.junitplatform.JUnitPlatformTestClassProcessor$CollectAllTestClassesExecutor.access$000(JUnitPlatformTestClassProcessor.java:79) ~[na:na]
	at org.gradle.api.internal.tasks.testing.junitplatform.JUnitPlatformTestClassProcessor.stop(JUnitPlatformTestClassProcessor.java:75) ~[na:na]
	at org.gradle.api.internal.tasks.testing.SuiteTestClassProcessor.stop(SuiteTestClassProcessor.java:61) ~[na:na]
	at java.base/jdk.internal.reflect.NativeMethodAccessorImpl.invoke0(Native Method) ~[na:na]
	at java.base/jdk.internal.reflect.NativeMethodAccessorImpl.invoke(NativeMethodAccessorImpl.java:77) ~[na:na]
	at java.base/jdk.internal.reflect.DelegatingMethodAccessorImpl.invoke(DelegatingMethodAccessorImpl.java:43) ~[na:na]
	at java.base/java.lang.reflect.Method.invoke(Method.java:568) ~[na:na]
	at org.gradle.internal.dispatch.ReflectionDispatch.dispatch(ReflectionDispatch.java:36) ~[na:na]
	at org.gradle.internal.dispatch.ReflectionDispatch.dispatch(ReflectionDispatch.java:24) ~[na:na]
	at org.gradle.internal.dispatch.ContextClassLoaderDispatch.dispatch(ContextClassLoaderDispatch.java:33) ~[na:na]
	at org.gradle.internal.dispatch.ProxyDispatchAdapter$DispatchingInvocationHandler.invoke(ProxyDispatchAdapter.java:94) ~[na:na]
	at jdk.proxy1/jdk.proxy1.$Proxy2.stop(Unknown Source) ~[na:na]
	at org.gradle.api.internal.tasks.testing.worker.TestWorker$3.run(TestWorker.java:193) ~[na:na]
	at org.gradle.api.internal.tasks.testing.worker.TestWorker.executeAndMaintainThreadName(TestWorker.java:129) ~[na:na]
	at org.gradle.api.internal.tasks.testing.worker.TestWorker.execute(TestWorker.java:100) ~[na:na]
	at org.gradle.api.internal.tasks.testing.worker.TestWorker.execute(TestWorker.java:60) ~[na:na]
	at org.gradle.process.internal.worker.child.ActionExecutionWorker.execute(ActionExecutionWorker.java:56) ~[na:na]
	at org.gradle.process.internal.worker.child.SystemApplicationClassLoaderWorker.call(SystemApplicationClassLoaderWorker.java:133) ~[na:na]
	at org.gradle.process.internal.worker.child.SystemApplicationClassLoaderWorker.call(SystemApplicationClassLoaderWorker.java:71) ~[na:na]
	at worker.org.gradle.process.internal.worker.GradleWorkerMain.run(GradleWorkerMain.java:69) ~[gradle-worker.jar:na]
	at worker.org.gradle.process.internal.worker.GradleWorkerMain.main(GradleWorkerMain.java:74) ~[gradle-worker.jar:na]

2024-09-12 17:48:26.080  INFO 25780 --- [    Test worker] c.e.r.e.services.EmployeeService         : getAllEmployees:EmployeeServiceDto{status='Success', data=[EmployeeDto{id='1', name='Tiger Nixon', salary='320800', age='61', image=''}, EmployeeDto{id='2', name='Garrett Winters', salary='170750', age='63', image=''}], message='All records retrieved'}
2024-09-12 17:48:26.080  INFO 25780 --- [    Test worker] c.e.r.e.services.EmployeeService         : getAllEmployees:EmployeeServiceDto{status='Success', data=[], message='All records retrieved'}
2024-09-12 17:48:26.080 ERROR 25780 --- [    Test worker] c.e.r.e.services.EmployeeService         : getAllEmployees:

org.springframework.web.client.HttpServerErrorException: null

2024-09-12 17:48:26.080 ERROR 25780 --- [    Test worker] c.e.r.e.services.EmployeeService         : getAllEmployees:

org.springframework.web.client.HttpServerErrorException: null

]]></system-out>
  <system-err><![CDATA[]]></system-err>
</testsuite>
